<?xml version="1.0" encoding="UTF-8" standalone="yes"?>
<ns2:test-suite start="1596670492309" stop="1596670555567" version="1.4.15" xmlns:ns2="urn:model.allure.qatools.yandex.ru">
    <name>Verify invalid login for multiple users | hakan@gmail.com | test@123 |</name>
    <title>Verify invalid login for multiple users | hakan@gmail.com | test@123 |</title>
    <test-cases>
        <test-case start="1596670502362" stop="1596670502367" status="passed">
            <name>When I enter hakan@gmail.com into username text fields on home screen</name>
            <title>When I enter hakan@gmail.com into username text fields on home screen</title>
            <steps/>
            <attachments/>
            <labels>
                <label name="host" value="Hakans-MacBook-Air.local"/>
                <label name="thread" value="3948@Hakans-MacBook-Air.local.main(1)"/>
            </labels>
        </test-case>
        <test-case start="1596670512934" stop="1596670512935" status="passed">
            <name>And I enter test@123 into password text fields on home screen</name>
            <title>And I enter test@123 into password text fields on home screen</title>
            <steps/>
            <attachments/>
            <labels>
                <label name="host" value="Hakans-MacBook-Air.local"/>
                <label name="thread" value="3948@Hakans-MacBook-Air.local.main(1)"/>
            </labels>
        </test-case>
        <test-case start="1596670544450" stop="1596670544480" status="broken">
            <name>And I click on login button on home screen</name>
            <title>And I click on login button on home screen</title>
            <failure>
                <message>StaleElementReferenceException: stale element reference: element is not attached to the page document
  (Session info: chrome=84.0.4147.105)
For documentation on this error, please visit: http://seleniumhq.org/exceptions/stale_element_reference.html
Build info: version: '3.14.0', revision: 'aacccce0', time: '2018-08-02T20:19:58.91Z'
System info: host: 'Hakans-MacBook-Air.local', ip: 'fe80:0:0:0:ca8:4552:a03a:6f71%en0', os.name: 'Mac OS X', os.arch: 'x86_64', os.version: '10.14.6', java.version: '1.8.0_231'
Driver info: org.openqa.selenium.chrome.ChromeDriver
Capabilities {acceptInsecureCerts: false, browserName: chrome, browserVersion: 84.0.4147.105, chrome: {chromedriverVersion: 84.0.4147.30 (48b3e868b4cc0..., userDataDir: /var/folders/bz/l372ww8s1gg...}, goog:chromeOptions: {debuggerAddress: localhost:54341}, javascriptEnabled: true, networkConnectionEnabled: false, pageLoadStrategy: normal, platform: MAC, platformName: MAC, proxy: Proxy(), setWindowRect: true, strictFileInteractability: false, timeouts: {implicit: 0, pageLoad: 300000, script: 30000}, unhandledPromptBehavior: dismiss and notify, webauthn:virtualAuthenticators: true}
Session ID: 4d62242a946e30222cb89c184d179c3e</message>
                <stack-trace>org.openqa.selenium.StaleElementReferenceException: stale element reference: element is not attached to the page document
  (Session info: chrome=84.0.4147.105)
For documentation on this error, please visit: http://seleniumhq.org/exceptions/stale_element_reference.html
Build info: version: '3.14.0', revision: 'aacccce0', time: '2018-08-02T20:19:58.91Z'
System info: host: 'Hakans-MacBook-Air.local', ip: 'fe80:0:0:0:ca8:4552:a03a:6f71%en0', os.name: 'Mac OS X', os.arch: 'x86_64', os.version: '10.14.6', java.version: '1.8.0_231'
Driver info: org.openqa.selenium.chrome.ChromeDriver
Capabilities {acceptInsecureCerts: false, browserName: chrome, browserVersion: 84.0.4147.105, chrome: {chromedriverVersion: 84.0.4147.30 (48b3e868b4cc0..., userDataDir: /var/folders/bz/l372ww8s1gg...}, goog:chromeOptions: {debuggerAddress: localhost:54341}, javascriptEnabled: true, networkConnectionEnabled: false, pageLoadStrategy: normal, platform: MAC, platformName: MAC, proxy: Proxy(), setWindowRect: true, strictFileInteractability: false, timeouts: {implicit: 0, pageLoad: 300000, script: 30000}, unhandledPromptBehavior: dismiss and notify, webauthn:virtualAuthenticators: true}
Session ID: 4d62242a946e30222cb89c184d179c3e
	at sun.reflect.NativeConstructorAccessorImpl.newInstance0(Native Method)
	at sun.reflect.NativeConstructorAccessorImpl.newInstance(NativeConstructorAccessorImpl.java:62)
	at sun.reflect.DelegatingConstructorAccessorImpl.newInstance(DelegatingConstructorAccessorImpl.java:45)
	at java.lang.reflect.Constructor.newInstance(Constructor.java:423)
	at org.openqa.selenium.remote.http.W3CHttpResponseCodec.createException(W3CHttpResponseCodec.java:187)
	at org.openqa.selenium.remote.http.W3CHttpResponseCodec.decode(W3CHttpResponseCodec.java:122)
	at org.openqa.selenium.remote.http.W3CHttpResponseCodec.decode(W3CHttpResponseCodec.java:49)
	at org.openqa.selenium.remote.HttpCommandExecutor.execute(HttpCommandExecutor.java:158)
	at org.openqa.selenium.remote.service.DriverCommandExecutor.execute(DriverCommandExecutor.java:83)
	at org.openqa.selenium.remote.RemoteWebDriver.execute(RemoteWebDriver.java:548)
	at org.openqa.selenium.remote.RemoteWebElement.execute(RemoteWebElement.java:276)
	at org.openqa.selenium.remote.RemoteWebElement.click(RemoteWebElement.java:83)
	at runnerTest.webPages.ElementUtil.clickOn(ElementUtil.java:49)
	at runnerTest.webPages.LoginPage.clickOnLoginButton(LoginPage.java:27)
	at stepdefinition.LoginPageSD.clickonButton(LoginPageSD.java:42)
	at âœ½.And I click on login button on home screen(Login.feature:14)
</stack-trace>
            </failure>
            <steps/>
            <attachments/>
            <labels>
                <label name="host" value="Hakans-MacBook-Air.local"/>
                <label name="thread" value="3948@Hakans-MacBook-Air.local.main(1)"/>
            </labels>
        </test-case>
        <test-case start="1596670554553" stop="1596670554555" status="pending">
            <name>Then I verify that   invalid credentials</name>
            <title>Then I verify that   invalid credentials</title>
            <failure>
                <message>Test ignored (without reason)!</message>
                <stack-trace>There are no stack trace</stack-trace>
            </failure>
            <steps/>
            <attachments/>
            <labels>
                <label name="host" value="Hakans-MacBook-Air.local"/>
                <label name="thread" value="3948@Hakans-MacBook-Air.local.main(1)"/>
            </labels>
        </test-case>
    </test-cases>
    <labels>
        <label name="story" value="Verify invalid login for multiple users | hakan@gmail.com | test@123 |"/>
        <label name="feature" value="Login Feature"/>
        <label name="framework" value="CucumberJVM"/>
        <label name="language" value="JAVA"/>
    </labels>
</ns2:test-suite>
